2023-09-02 20:48:45,654.user_math_meevang.INFO ==================================================
2023-09-02 20:48:45,655.user_math_meevang.INFO Today is 2023-09-02 at 08:48 PM
2023-09-02 20:48:45,685.user_math_meevang.INFO Running on: nt Windows 10
2023-09-02 20:48:45,686.user_math_meevang.INFO Python version:  3.11.5
2023-09-02 20:48:45,686.user_math_meevang.INFO Python path: C:\Users\mvang\AppData\Local\Programs\Python\Python311
2023-09-02 20:48:45,686.user_math_meevang.INFO Working dir: C:\Users\mvang\NW Week 2\datafun-02-functions
2023-09-02 20:48:45,686.user_math_meevang.INFO ==================================================
2023-09-02 20:48:45,687.user_math_meevang.INFO Explore some functions in the math module
2023-09-02 20:48:45,687.user_math_meevang.INFO math.comb(5,1) = 5
2023-09-02 20:48:45,687.user_math_meevang.INFO math.perm(5,1) = 5
2023-09-02 20:48:45,687.user_math_meevang.INFO math.comb(5,3) = 10
2023-09-02 20:48:45,688.user_math_meevang.INFO math.perm(5,3) = 60
2023-09-02 20:48:45,688.user_math_meevang.INFO 
2023-09-02 20:48:45,688.user_math_meevang.INFO TRY: Call area_of_pop_can() function with a different values.
2023-09-02 20:48:45,688.user_math_meevang.INFO CALLING area_of_pop_can((12, 10))
2023-09-02 20:48:45,688.user_math_meevang.INFO The circle area is 120
2023-09-02 20:48:45,688.user_math_meevang.INFO CALLING area_of_pop_can((24, 5))
2023-09-02 20:48:45,689.user_math_meevang.INFO The circle area is 120
2023-09-02 20:48:45,689.user_math_meevang.INFO 
2023-09-02 20:48:45,689.user_math_meevang.INFO TRY: Call sugar_in_pop() function with a list of different values
2023-09-02 20:48:45,689.user_math_meevang.INFO 
2023-09-02 20:48:45,689.user_math_meevang.INFO TRY: Call weekly_consumption() function with different values
2023-09-02 20:48:45,690.user_math_meevang.INFO Calling weekly_consumption((4, 7))
2023-09-02 20:48:45,690.user_math_meevang.INFO The total weekly amount of pop is 28
2023-09-02 20:48:45,690.user_math_meevang.INFO 
2023-09-02 20:48:45,690.user_math_meevang.INFO TRY: Call calories() function with different values
2023-09-02 20:48:45,690.user_math_meevang.INFO Calling weekly_consumption((10, 59))
2023-09-02 20:48:45,690.user_math_meevang.INFO The total weekly amount of pop is 590
2023-09-02 20:48:45,690.user_math_meevang.INFO 
